<?xml version="1.0" encoding="UTF-8"?>
<testng-results ignored="0" total="2" passed="2" failed="0" skipped="0">
  <reporter-output>
  </reporter-output>
  <suite started-at="2023-08-25T13:19:35 IST" name="Suite" finished-at="2023-08-25T13:19:35 IST" duration-ms="131">
    <groups>
    </groups>
    <test started-at="2023-08-25T13:19:35 IST" name="Test" finished-at="2023-08-25T13:19:35 IST" duration-ms="131">
      <class name="ISuiteListener.Testclass1">
        <test-method is-config="true" signature="before_test1()[pri:0, instance:ISuiteListener.Testclass1@74235045]" started-at="2023-08-25T13:19:35 IST" name="before_test1" finished-at="2023-08-25T13:19:35 IST" duration-ms="21" status="PASS">
          <reporter-output>
          </reporter-output>
        </test-method> <!-- before_test1 -->
        <test-method signature="testpack1()[pri:0, instance:ISuiteListener.Testclass1@74235045]" started-at="2023-08-25T13:19:35 IST" name="testpack1" finished-at="2023-08-25T13:19:35 IST" duration-ms="23" status="PASS">
          <reporter-output>
          </reporter-output>
        </test-method> <!-- testpack1 -->
        <test-method is-config="true" signature="after_test1()[pri:0, instance:ISuiteListener.Testclass1@74235045]" started-at="2023-08-25T13:19:35 IST" name="after_test1" finished-at="2023-08-25T13:19:35 IST" duration-ms="2" status="PASS">
          <reporter-output>
          </reporter-output>
        </test-method> <!-- after_test1 -->
      </class> <!-- ISuiteListener.Testclass1 -->
    </test> <!-- Test -->
  </suite> <!-- Suite -->
  <suite started-at="2023-08-25T13:19:35 IST" name="Suite (0)" finished-at="2023-08-25T13:19:35 IST" duration-ms="13">
    <groups>
    </groups>
    <test started-at="2023-08-25T13:19:35 IST" name="Test" finished-at="2023-08-25T13:19:35 IST" duration-ms="13">
      <class name="ISuiteListener.Testclass1">
        <test-method is-config="true" signature="before_test1()[pri:0, instance:ISuiteListener.Testclass1@f5958c9]" started-at="2023-08-25T13:19:35 IST" name="before_test1" finished-at="2023-08-25T13:19:35 IST" duration-ms="1" status="PASS">
          <reporter-output>
          </reporter-output>
        </test-method> <!-- before_test1 -->
        <test-method signature="testpack1()[pri:0, instance:ISuiteListener.Testclass1@f5958c9]" started-at="2023-08-25T13:19:35 IST" name="testpack1" finished-at="2023-08-25T13:19:35 IST" duration-ms="4" status="PASS">
          <reporter-output>
          </reporter-output>
        </test-method> <!-- testpack1 -->
        <test-method is-config="true" signature="after_test1()[pri:0, instance:ISuiteListener.Testclass1@f5958c9]" started-at="2023-08-25T13:19:35 IST" name="after_test1" finished-at="2023-08-25T13:19:35 IST" duration-ms="2" status="PASS">
          <reporter-output>
          </reporter-output>
        </test-method> <!-- after_test1 -->
      </class> <!-- ISuiteListener.Testclass1 -->
    </test> <!-- Test -->
  </suite> <!-- Suite (0) -->
  <suite started-at="2023-08-25T13:19:35 IST" name="Parentsuite" finished-at="2023-08-25T13:19:35 IST" duration-ms="0">
    <groups>
    </groups>
  </suite> <!-- Parentsuite -->
</testng-results>
